mode: set
github.com/Ulbora/GoAuth2-ui/handlers/handlers.go:106.41,110.2 3 1
github.com/Ulbora/GoAuth2-ui/handlers/handlers.go:115.76,117.2 1 1
github.com/Ulbora/GoAuth2-ui/handlers/handlers.go:119.78,123.20 3 1
github.com/Ulbora/GoAuth2-ui/handlers/handlers.go:130.2,130.14 1 1
github.com/Ulbora/GoAuth2-ui/handlers/handlers.go:158.2,158.18 1 1
github.com/Ulbora/GoAuth2-ui/handlers/handlers.go:123.20,129.3 3 1
github.com/Ulbora/GoAuth2-ui/handlers/handlers.go:130.14,152.17 9 1
github.com/Ulbora/GoAuth2-ui/handlers/handlers.go:152.17,155.4 2 1
github.com/Ulbora/GoAuth2-ui/handlers/loginHandler.go:32.76,35.2 1 1
github.com/Ulbora/GoAuth2-ui/handlers/loginHandler.go:38.77,56.2 6 1
github.com/Ulbora/GoAuth2-ui/handlers/loginHandler.go:58.79,75.2 13 1
github.com/Ulbora/GoAuth2-ui/handlers/loginHandler.go:77.76,82.42 4 1
github.com/Ulbora/GoAuth2-ui/handlers/loginHandler.go:82.42,97.44 10 1
github.com/Ulbora/GoAuth2-ui/handlers/loginHandler.go:97.44,100.11 2 1
github.com/Ulbora/GoAuth2-ui/handlers/loginHandler.go:100.11,109.5 6 1
github.com/Ulbora/GoAuth2-ui/handlers/oauthHandler.go:63.77,66.9 2 1
github.com/Ulbora/GoAuth2-ui/handlers/oauthHandler.go:66.9,73.66 5 1
github.com/Ulbora/GoAuth2-ui/handlers/oauthHandler.go:73.66,75.4 1 1
github.com/Ulbora/GoAuth2-ui/handlers/oauthHandler.go:75.9,81.22 5 1
github.com/Ulbora/GoAuth2-ui/handlers/oauthHandler.go:81.22,94.5 10 1
github.com/Ulbora/GoAuth2-ui/handlers/utilities.go:28.78,31.18 3 1
github.com/Ulbora/GoAuth2-ui/handlers/utilities.go:36.2,37.19 2 1
github.com/Ulbora/GoAuth2-ui/handlers/utilities.go:31.18,33.3 1 1
github.com/Ulbora/GoAuth2-ui/handlers/utilities.go:33.8,35.3 1 1
github.com/Ulbora/GoAuth2-ui/handlers/allowedUriHandler.go:41.82,43.9 2 1
github.com/Ulbora/GoAuth2-ui/handlers/allowedUriHandler.go:43.9,48.66 4 1
github.com/Ulbora/GoAuth2-ui/handlers/allowedUriHandler.go:48.66,50.4 1 1
github.com/Ulbora/GoAuth2-ui/handlers/allowedUriHandler.go:50.9,55.22 5 1
github.com/Ulbora/GoAuth2-ui/handlers/allowedUriHandler.go:55.22,70.29 11 1
github.com/Ulbora/GoAuth2-ui/handlers/allowedUriHandler.go:79.5,84.30 4 1
github.com/Ulbora/GoAuth2-ui/handlers/allowedUriHandler.go:93.5,100.62 6 1
github.com/Ulbora/GoAuth2-ui/handlers/allowedUriHandler.go:70.29,74.31 3 1
github.com/Ulbora/GoAuth2-ui/handlers/allowedUriHandler.go:74.31,77.7 2 1
github.com/Ulbora/GoAuth2-ui/handlers/allowedUriHandler.go:84.30,92.6 7 1
github.com/Ulbora/GoAuth2-ui/handlers/allowedUriHandler.go:107.85,109.9 2 1
github.com/Ulbora/GoAuth2-ui/handlers/allowedUriHandler.go:109.9,114.66 4 1
github.com/Ulbora/GoAuth2-ui/handlers/allowedUriHandler.go:114.66,116.4 1 1
github.com/Ulbora/GoAuth2-ui/handlers/allowedUriHandler.go:116.9,130.44 10 1
github.com/Ulbora/GoAuth2-ui/handlers/allowedUriHandler.go:146.4,146.76 1 1
github.com/Ulbora/GoAuth2-ui/handlers/allowedUriHandler.go:130.44,138.30 7 1
github.com/Ulbora/GoAuth2-ui/handlers/allowedUriHandler.go:138.30,144.6 5 1
github.com/Ulbora/GoAuth2-ui/handlers/allowedUriHandler.go:152.88,154.9 2 1
github.com/Ulbora/GoAuth2-ui/handlers/allowedUriHandler.go:154.9,159.66 4 1
github.com/Ulbora/GoAuth2-ui/handlers/allowedUriHandler.go:159.66,161.4 1 1
github.com/Ulbora/GoAuth2-ui/handlers/allowedUriHandler.go:161.9,186.32 17 1
github.com/Ulbora/GoAuth2-ui/handlers/allowedUriHandler.go:189.4,203.29 13 1
github.com/Ulbora/GoAuth2-ui/handlers/allowedUriHandler.go:217.4,217.76 1 1
github.com/Ulbora/GoAuth2-ui/handlers/allowedUriHandler.go:186.32,188.5 1 1
github.com/Ulbora/GoAuth2-ui/handlers/allowedUriHandler.go:203.29,204.27 1 1
github.com/Ulbora/GoAuth2-ui/handlers/allowedUriHandler.go:204.27,215.6 8 1
github.com/Ulbora/GoAuth2-ui/handlers/allowedUriHandler.go:223.88,225.9 2 1
github.com/Ulbora/GoAuth2-ui/handlers/allowedUriHandler.go:225.9,230.66 4 1
github.com/Ulbora/GoAuth2-ui/handlers/allowedUriHandler.go:230.66,232.4 1 1
github.com/Ulbora/GoAuth2-ui/handlers/allowedUriHandler.go:232.9,254.59 15 1
github.com/Ulbora/GoAuth2-ui/handlers/allowedUriHandler.go:254.59,266.5 8 1
github.com/Ulbora/GoAuth2-ui/handlers/clientHandler.go:46.78,48.9 2 1
github.com/Ulbora/GoAuth2-ui/handlers/clientHandler.go:48.9,54.66 5 1
github.com/Ulbora/GoAuth2-ui/handlers/clientHandler.go:54.66,56.4 1 1
github.com/Ulbora/GoAuth2-ui/handlers/clientHandler.go:56.9,61.24 4 1
github.com/Ulbora/GoAuth2-ui/handlers/clientHandler.go:69.4,72.57 4 1
github.com/Ulbora/GoAuth2-ui/handlers/clientHandler.go:61.24,68.5 4 1
github.com/Ulbora/GoAuth2-ui/handlers/clientHandler.go:78.80,80.9 2 1
github.com/Ulbora/GoAuth2-ui/handlers/clientHandler.go:80.9,85.66 4 1
github.com/Ulbora/GoAuth2-ui/handlers/clientHandler.go:85.66,87.4 1 1
github.com/Ulbora/GoAuth2-ui/handlers/clientHandler.go:87.9,89.4 1 1
github.com/Ulbora/GoAuth2-ui/handlers/clientHandler.go:94.81,96.9 2 1
github.com/Ulbora/GoAuth2-ui/handlers/clientHandler.go:96.9,101.66 4 1
github.com/Ulbora/GoAuth2-ui/handlers/clientHandler.go:101.66,103.4 1 1
github.com/Ulbora/GoAuth2-ui/handlers/clientHandler.go:103.9,108.22 4 1
github.com/Ulbora/GoAuth2-ui/handlers/clientHandler.go:108.22,116.49 8 1
github.com/Ulbora/GoAuth2-ui/handlers/clientHandler.go:119.5,119.61 1 1
github.com/Ulbora/GoAuth2-ui/handlers/clientHandler.go:116.49,118.6 1 1
github.com/Ulbora/GoAuth2-ui/handlers/clientHandler.go:126.80,128.9 2 1
github.com/Ulbora/GoAuth2-ui/handlers/clientHandler.go:128.9,133.66 4 1
github.com/Ulbora/GoAuth2-ui/handlers/clientHandler.go:133.66,135.4 1 1
github.com/Ulbora/GoAuth2-ui/handlers/clientHandler.go:135.9,158.24 17 1
github.com/Ulbora/GoAuth2-ui/handlers/clientHandler.go:163.4,166.32 3 1
github.com/Ulbora/GoAuth2-ui/handlers/clientHandler.go:171.4,175.27 4 1
github.com/Ulbora/GoAuth2-ui/handlers/clientHandler.go:158.24,160.5 1 1
github.com/Ulbora/GoAuth2-ui/handlers/clientHandler.go:160.10,162.5 1 1
github.com/Ulbora/GoAuth2-ui/handlers/clientHandler.go:166.32,170.5 3 1
github.com/Ulbora/GoAuth2-ui/handlers/clientHandler.go:175.27,177.5 1 1
github.com/Ulbora/GoAuth2-ui/handlers/clientHandler.go:177.10,179.5 1 1
github.com/Ulbora/GoAuth2-ui/handlers/clientHandler.go:185.83,187.9 2 1
github.com/Ulbora/GoAuth2-ui/handlers/clientHandler.go:187.9,192.66 4 1
github.com/Ulbora/GoAuth2-ui/handlers/clientHandler.go:192.66,194.4 1 1
github.com/Ulbora/GoAuth2-ui/handlers/clientHandler.go:194.9,197.20 3 1
github.com/Ulbora/GoAuth2-ui/handlers/clientHandler.go:201.4,223.24 17 1
github.com/Ulbora/GoAuth2-ui/handlers/clientHandler.go:228.4,233.27 4 1
github.com/Ulbora/GoAuth2-ui/handlers/clientHandler.go:197.20,200.5 1 1
github.com/Ulbora/GoAuth2-ui/handlers/clientHandler.go:223.24,225.5 1 1
github.com/Ulbora/GoAuth2-ui/handlers/clientHandler.go:225.10,227.5 1 1
github.com/Ulbora/GoAuth2-ui/handlers/clientHandler.go:233.27,235.5 1 1
github.com/Ulbora/GoAuth2-ui/handlers/clientHandler.go:235.10,238.5 2 1
github.com/Ulbora/GoAuth2-ui/handlers/grantTypeHandler.go:33.80,35.9 2 1
github.com/Ulbora/GoAuth2-ui/handlers/grantTypeHandler.go:35.9,40.66 4 1
github.com/Ulbora/GoAuth2-ui/handlers/grantTypeHandler.go:40.66,42.4 1 1
github.com/Ulbora/GoAuth2-ui/handlers/grantTypeHandler.go:42.9,47.22 5 1
github.com/Ulbora/GoAuth2-ui/handlers/grantTypeHandler.go:47.22,63.5 13 1
github.com/Ulbora/GoAuth2-ui/handlers/grantTypeHandler.go:68.83,70.9 2 1
github.com/Ulbora/GoAuth2-ui/handlers/grantTypeHandler.go:70.9,74.66 4 1
github.com/Ulbora/GoAuth2-ui/handlers/grantTypeHandler.go:74.66,76.4 1 1
github.com/Ulbora/GoAuth2-ui/handlers/grantTypeHandler.go:76.9,88.23 8 1
github.com/Ulbora/GoAuth2-ui/handlers/grantTypeHandler.go:95.4,95.75 1 1
github.com/Ulbora/GoAuth2-ui/handlers/grantTypeHandler.go:88.23,94.5 5 1
github.com/Ulbora/GoAuth2-ui/handlers/grantTypeHandler.go:100.86,102.9 2 1
github.com/Ulbora/GoAuth2-ui/handlers/grantTypeHandler.go:102.9,106.66 4 1
github.com/Ulbora/GoAuth2-ui/handlers/grantTypeHandler.go:106.66,108.4 1 1
github.com/Ulbora/GoAuth2-ui/handlers/grantTypeHandler.go:108.9,116.34 6 1
github.com/Ulbora/GoAuth2-ui/handlers/grantTypeHandler.go:121.4,121.72 1 1
github.com/Ulbora/GoAuth2-ui/handlers/grantTypeHandler.go:116.34,120.5 3 1
