mode: set
github.com/Ulbora/GoAuth2-ui/services/oauth2RedirectUriService.go:46.78,51.16 5 1
github.com/Ulbora/GoAuth2-ui/services/oauth2RedirectUriService.go:63.2,63.12 1 1
github.com/Ulbora/GoAuth2-ui/services/oauth2RedirectUriService.go:51.16,54.18 3 1
github.com/Ulbora/GoAuth2-ui/services/oauth2RedirectUriService.go:54.18,61.4 5 1
github.com/Ulbora/GoAuth2-ui/services/oauth2RedirectUriService.go:67.83,73.17 6 1
github.com/Ulbora/GoAuth2-ui/services/oauth2RedirectUriService.go:79.2,79.19 1 1
github.com/Ulbora/GoAuth2-ui/services/oauth2RedirectUriService.go:73.17,78.3 3 1
github.com/Ulbora/GoAuth2-ui/services/oauth2RedirectUriService.go:83.75,88.17 5 1
github.com/Ulbora/GoAuth2-ui/services/oauth2RedirectUriService.go:96.2,96.12 1 1
github.com/Ulbora/GoAuth2-ui/services/oauth2RedirectUriService.go:88.17,95.3 5 1
github.com/Ulbora/GoAuth2-ui/services/oauth2RoleUriService.go:43.66,48.16 5 1
github.com/Ulbora/GoAuth2-ui/services/oauth2RoleUriService.go:60.2,60.12 1 1
github.com/Ulbora/GoAuth2-ui/services/oauth2RoleUriService.go:48.16,51.18 3 1
github.com/Ulbora/GoAuth2-ui/services/oauth2RoleUriService.go:51.18,58.4 5 1
github.com/Ulbora/GoAuth2-ui/services/oauth2RoleUriService.go:64.70,70.17 6 1
github.com/Ulbora/GoAuth2-ui/services/oauth2RoleUriService.go:76.2,76.19 1 1
github.com/Ulbora/GoAuth2-ui/services/oauth2RoleUriService.go:70.17,75.3 3 1
github.com/Ulbora/GoAuth2-ui/services/oauth2RoleUriService.go:80.69,85.16 5 1
github.com/Ulbora/GoAuth2-ui/services/oauth2RoleUriService.go:97.2,97.12 1 1
github.com/Ulbora/GoAuth2-ui/services/oauth2RoleUriService.go:85.16,88.18 3 1
github.com/Ulbora/GoAuth2-ui/services/oauth2RoleUriService.go:88.18,95.4 5 1
github.com/Ulbora/GoAuth2-ui/services/userService.go:56.35,58.2 1 1
github.com/Ulbora/GoAuth2-ui/services/userService.go:68.36,70.2 1 1
github.com/Ulbora/GoAuth2-ui/services/userService.go:83.37,85.2 1 1
github.com/Ulbora/GoAuth2-ui/services/userService.go:101.59,106.16 5 1
github.com/Ulbora/GoAuth2-ui/services/userService.go:118.2,118.12 1 1
github.com/Ulbora/GoAuth2-ui/services/userService.go:106.16,109.18 3 1
github.com/Ulbora/GoAuth2-ui/services/userService.go:109.18,116.4 5 1
github.com/Ulbora/GoAuth2-ui/services/userService.go:122.67,127.16 5 1
github.com/Ulbora/GoAuth2-ui/services/userService.go:139.2,139.12 1 1
github.com/Ulbora/GoAuth2-ui/services/userService.go:127.16,130.18 3 1
github.com/Ulbora/GoAuth2-ui/services/userService.go:130.18,137.4 5 1
github.com/Ulbora/GoAuth2-ui/services/userService.go:143.80,149.17 6 1
github.com/Ulbora/GoAuth2-ui/services/userService.go:155.2,155.18 1 1
github.com/Ulbora/GoAuth2-ui/services/userService.go:149.17,154.3 3 1
github.com/Ulbora/GoAuth2-ui/services/userService.go:159.54,165.17 6 1
github.com/Ulbora/GoAuth2-ui/services/userService.go:171.2,171.19 1 1
github.com/Ulbora/GoAuth2-ui/services/userService.go:165.17,170.3 3 1
github.com/Ulbora/GoAuth2-ui/services/userService.go:175.72,182.17 7 1
github.com/Ulbora/GoAuth2-ui/services/userService.go:188.2,188.19 1 1
github.com/Ulbora/GoAuth2-ui/services/userService.go:182.17,187.3 3 1
github.com/Ulbora/GoAuth2-ui/services/userService.go:192.84,197.17 5 1
github.com/Ulbora/GoAuth2-ui/services/userService.go:205.2,205.12 1 1
github.com/Ulbora/GoAuth2-ui/services/userService.go:197.17,204.3 5 1
github.com/Ulbora/GoAuth2-ui/services/userService.go:209.54,215.17 6 1
github.com/Ulbora/GoAuth2-ui/services/userService.go:221.2,221.19 1 1
github.com/Ulbora/GoAuth2-ui/services/userService.go:215.17,220.3 3 1
github.com/Ulbora/GoAuth2-ui/services/mockService.go:79.46,83.2 3 1
github.com/Ulbora/GoAuth2-ui/services/mockService.go:86.52,88.2 1 1
github.com/Ulbora/GoAuth2-ui/services/mockService.go:91.71,93.2 1 1
github.com/Ulbora/GoAuth2-ui/services/mockService.go:96.74,98.2 1 1
github.com/Ulbora/GoAuth2-ui/services/mockService.go:101.71,103.2 1 1
github.com/Ulbora/GoAuth2-ui/services/mockService.go:106.62,108.2 1 1
github.com/Ulbora/GoAuth2-ui/services/mockService.go:111.75,113.2 1 1
github.com/Ulbora/GoAuth2-ui/services/mockService.go:116.69,118.2 1 1
github.com/Ulbora/GoAuth2-ui/services/mockService.go:121.79,123.2 1 1
github.com/Ulbora/GoAuth2-ui/services/mockService.go:126.82,128.2 1 1
github.com/Ulbora/GoAuth2-ui/services/mockService.go:131.73,133.2 1 1
github.com/Ulbora/GoAuth2-ui/services/mockService.go:136.85,138.2 1 1
github.com/Ulbora/GoAuth2-ui/services/mockService.go:141.77,143.2 1 1
github.com/Ulbora/GoAuth2-ui/services/mockService.go:146.79,148.2 1 1
github.com/Ulbora/GoAuth2-ui/services/mockService.go:151.85,153.2 1 1
github.com/Ulbora/GoAuth2-ui/services/mockService.go:156.77,158.2 1 1
github.com/Ulbora/GoAuth2-ui/services/mockService.go:161.76,163.2 1 1
github.com/Ulbora/GoAuth2-ui/services/mockService.go:166.83,168.2 1 1
github.com/Ulbora/GoAuth2-ui/services/mockService.go:171.75,173.2 1 1
github.com/Ulbora/GoAuth2-ui/services/mockService.go:176.82,178.2 1 1
github.com/Ulbora/GoAuth2-ui/services/mockService.go:181.87,183.2 1 1
github.com/Ulbora/GoAuth2-ui/services/mockService.go:186.79,188.2 1 1
github.com/Ulbora/GoAuth2-ui/services/mockService.go:191.70,193.2 1 1
github.com/Ulbora/GoAuth2-ui/services/mockService.go:196.74,198.2 1 1
github.com/Ulbora/GoAuth2-ui/services/mockService.go:201.73,203.2 1 1
github.com/Ulbora/GoAuth2-ui/services/mockService.go:206.63,208.2 1 1
github.com/Ulbora/GoAuth2-ui/services/mockService.go:211.71,213.2 1 1
github.com/Ulbora/GoAuth2-ui/services/mockService.go:216.84,218.2 1 1
github.com/Ulbora/GoAuth2-ui/services/mockService.go:221.58,223.2 1 1
github.com/Ulbora/GoAuth2-ui/services/mockService.go:226.76,228.2 1 1
github.com/Ulbora/GoAuth2-ui/services/mockService.go:231.88,233.2 1 1
github.com/Ulbora/GoAuth2-ui/services/mockService.go:236.58,238.2 1 1
github.com/Ulbora/GoAuth2-ui/services/oauth2AllowedUriService.go:45.75,50.16 5 1
github.com/Ulbora/GoAuth2-ui/services/oauth2AllowedUriService.go:62.2,62.12 1 1
github.com/Ulbora/GoAuth2-ui/services/oauth2AllowedUriService.go:50.16,53.18 3 1
github.com/Ulbora/GoAuth2-ui/services/oauth2AllowedUriService.go:53.18,60.4 5 1
github.com/Ulbora/GoAuth2-ui/services/oauth2AllowedUriService.go:66.78,71.16 5 1
github.com/Ulbora/GoAuth2-ui/services/oauth2AllowedUriService.go:83.2,83.12 1 1
github.com/Ulbora/GoAuth2-ui/services/oauth2AllowedUriService.go:71.16,74.18 3 1
github.com/Ulbora/GoAuth2-ui/services/oauth2AllowedUriService.go:74.18,81.4 5 1
github.com/Ulbora/GoAuth2-ui/services/oauth2AllowedUriService.go:87.69,93.17 6 1
github.com/Ulbora/GoAuth2-ui/services/oauth2AllowedUriService.go:99.2,99.18 1 1
github.com/Ulbora/GoAuth2-ui/services/oauth2AllowedUriService.go:93.17,98.3 3 1
github.com/Ulbora/GoAuth2-ui/services/oauth2AllowedUriService.go:103.81,109.17 6 1
github.com/Ulbora/GoAuth2-ui/services/oauth2AllowedUriService.go:115.2,115.19 1 1
github.com/Ulbora/GoAuth2-ui/services/oauth2AllowedUriService.go:109.17,114.3 3 1
github.com/Ulbora/GoAuth2-ui/services/oauth2AllowedUriService.go:119.73,124.17 5 1
github.com/Ulbora/GoAuth2-ui/services/oauth2AllowedUriService.go:132.2,132.12 1 1
github.com/Ulbora/GoAuth2-ui/services/oauth2AllowedUriService.go:124.17,131.3 5 1
github.com/Ulbora/GoAuth2-ui/services/oauth2ClientRoleService.go:45.75,50.16 5 1
github.com/Ulbora/GoAuth2-ui/services/oauth2ClientRoleService.go:62.2,62.12 1 1
github.com/Ulbora/GoAuth2-ui/services/oauth2ClientRoleService.go:50.16,53.18 3 1
github.com/Ulbora/GoAuth2-ui/services/oauth2ClientRoleService.go:53.18,60.4 5 1
github.com/Ulbora/GoAuth2-ui/services/oauth2ClientRoleService.go:66.81,72.17 6 1
github.com/Ulbora/GoAuth2-ui/services/oauth2ClientRoleService.go:78.2,78.19 1 1
github.com/Ulbora/GoAuth2-ui/services/oauth2ClientRoleService.go:72.17,77.3 3 1
github.com/Ulbora/GoAuth2-ui/services/oauth2ClientRoleService.go:82.73,87.17 5 1
github.com/Ulbora/GoAuth2-ui/services/oauth2ClientRoleService.go:95.2,95.12 1 1
github.com/Ulbora/GoAuth2-ui/services/oauth2ClientRoleService.go:87.17,94.3 5 1
github.com/Ulbora/GoAuth2-ui/services/oauth2ClientService.go:51.67,56.16 5 1
github.com/Ulbora/GoAuth2-ui/services/oauth2ClientService.go:69.2,69.12 1 1
github.com/Ulbora/GoAuth2-ui/services/oauth2ClientService.go:56.16,59.18 3 1
github.com/Ulbora/GoAuth2-ui/services/oauth2ClientService.go:59.18,67.4 6 1
github.com/Ulbora/GoAuth2-ui/services/oauth2ClientService.go:73.70,80.16 5 1
github.com/Ulbora/GoAuth2-ui/services/oauth2ClientService.go:92.2,92.12 1 1
github.com/Ulbora/GoAuth2-ui/services/oauth2ClientService.go:80.16,83.18 3 1
github.com/Ulbora/GoAuth2-ui/services/oauth2ClientService.go:83.18,90.4 5 1
github.com/Ulbora/GoAuth2-ui/services/oauth2ClientService.go:96.67,103.17 6 1
github.com/Ulbora/GoAuth2-ui/services/oauth2ClientService.go:109.2,109.18 1 1
github.com/Ulbora/GoAuth2-ui/services/oauth2ClientService.go:103.17,108.3 3 1
github.com/Ulbora/GoAuth2-ui/services/oauth2ClientService.go:113.58,120.17 6 1
github.com/Ulbora/GoAuth2-ui/services/oauth2ClientService.go:126.2,126.19 1 1
github.com/Ulbora/GoAuth2-ui/services/oauth2ClientService.go:120.17,125.3 3 1
github.com/Ulbora/GoAuth2-ui/services/oauth2ClientService.go:130.71,136.16 6 1
github.com/Ulbora/GoAuth2-ui/services/oauth2ClientService.go:147.2,147.19 1 1
github.com/Ulbora/GoAuth2-ui/services/oauth2ClientService.go:136.16,139.18 3 1
github.com/Ulbora/GoAuth2-ui/services/oauth2ClientService.go:139.18,145.4 4 1
github.com/Ulbora/GoAuth2-ui/services/oauth2ClientService.go:151.65,157.17 5 1
github.com/Ulbora/GoAuth2-ui/services/oauth2ClientService.go:165.2,165.12 1 1
github.com/Ulbora/GoAuth2-ui/services/oauth2ClientService.go:157.17,164.3 5 1
github.com/Ulbora/GoAuth2-ui/services/oauth2GrantTypeService.go:45.72,50.16 5 1
github.com/Ulbora/GoAuth2-ui/services/oauth2GrantTypeService.go:62.2,62.12 1 1
github.com/Ulbora/GoAuth2-ui/services/oauth2GrantTypeService.go:50.16,53.18 3 1
github.com/Ulbora/GoAuth2-ui/services/oauth2GrantTypeService.go:53.18,60.4 5 1
github.com/Ulbora/GoAuth2-ui/services/oauth2GrantTypeService.go:66.79,72.17 6 1
github.com/Ulbora/GoAuth2-ui/services/oauth2GrantTypeService.go:78.2,78.19 1 1
github.com/Ulbora/GoAuth2-ui/services/oauth2GrantTypeService.go:72.17,77.3 3 1
github.com/Ulbora/GoAuth2-ui/services/oauth2GrantTypeService.go:82.71,87.17 5 1
github.com/Ulbora/GoAuth2-ui/services/oauth2GrantTypeService.go:95.2,95.12 1 1
github.com/Ulbora/GoAuth2-ui/services/oauth2GrantTypeService.go:87.17,94.3 5 1
github.com/Ulbora/GoAuth2-ui/services/service.go:83.42,87.2 3 1
github.com/Ulbora/GoAuth2-ui/services/service.go:90.48,92.2 1 1
