mode: set
github.com/Ulbora/GoAuth2-ui/services/service.go:82.42,86.2 3 1
github.com/Ulbora/GoAuth2-ui/services/oauth2AllowedUriService.go:55.75,60.16 5 1
github.com/Ulbora/GoAuth2-ui/services/oauth2AllowedUriService.go:72.2,72.12 1 1
github.com/Ulbora/GoAuth2-ui/services/oauth2AllowedUriService.go:60.16,63.18 3 1
github.com/Ulbora/GoAuth2-ui/services/oauth2AllowedUriService.go:63.18,70.4 6 1
github.com/Ulbora/GoAuth2-ui/services/oauth2AllowedUriService.go:76.78,81.16 5 1
github.com/Ulbora/GoAuth2-ui/services/oauth2AllowedUriService.go:93.2,93.12 1 1
github.com/Ulbora/GoAuth2-ui/services/oauth2AllowedUriService.go:81.16,84.18 3 1
github.com/Ulbora/GoAuth2-ui/services/oauth2AllowedUriService.go:84.18,91.4 6 1
github.com/Ulbora/GoAuth2-ui/services/oauth2AllowedUriService.go:97.62,102.17 5 1
github.com/Ulbora/GoAuth2-ui/services/oauth2AllowedUriService.go:108.2,108.12 1 1
github.com/Ulbora/GoAuth2-ui/services/oauth2AllowedUriService.go:102.17,107.3 4 1
github.com/Ulbora/GoAuth2-ui/services/oauth2AllowedUriService.go:112.74,117.17 5 1
github.com/Ulbora/GoAuth2-ui/services/oauth2AllowedUriService.go:123.2,123.13 1 1
github.com/Ulbora/GoAuth2-ui/services/oauth2AllowedUriService.go:117.17,122.3 4 1
github.com/Ulbora/GoAuth2-ui/services/oauth2AllowedUriService.go:127.73,132.17 5 1
github.com/Ulbora/GoAuth2-ui/services/oauth2AllowedUriService.go:140.2,140.12 1 1
github.com/Ulbora/GoAuth2-ui/services/oauth2AllowedUriService.go:132.17,139.3 6 1
github.com/Ulbora/GoAuth2-ui/services/oauth2ClientRoleService.go:55.75,60.16 5 1
github.com/Ulbora/GoAuth2-ui/services/oauth2ClientRoleService.go:72.2,72.12 1 1
github.com/Ulbora/GoAuth2-ui/services/oauth2ClientRoleService.go:60.16,63.18 3 1
github.com/Ulbora/GoAuth2-ui/services/oauth2ClientRoleService.go:63.18,70.4 6 1
github.com/Ulbora/GoAuth2-ui/services/oauth2ClientRoleService.go:76.74,81.17 5 1
github.com/Ulbora/GoAuth2-ui/services/oauth2ClientRoleService.go:87.2,87.13 1 1
github.com/Ulbora/GoAuth2-ui/services/oauth2ClientRoleService.go:81.17,86.3 4 1
github.com/Ulbora/GoAuth2-ui/services/oauth2ClientRoleService.go:91.73,96.17 5 1
github.com/Ulbora/GoAuth2-ui/services/oauth2ClientRoleService.go:104.2,104.12 1 1
github.com/Ulbora/GoAuth2-ui/services/oauth2ClientRoleService.go:96.17,103.3 6 1
github.com/Ulbora/GoAuth2-ui/services/oauth2ClientService.go:61.67,66.16 5 1
github.com/Ulbora/GoAuth2-ui/services/oauth2ClientService.go:79.2,79.12 1 1
github.com/Ulbora/GoAuth2-ui/services/oauth2ClientService.go:66.16,69.18 3 1
github.com/Ulbora/GoAuth2-ui/services/oauth2ClientService.go:69.18,77.4 7 1
github.com/Ulbora/GoAuth2-ui/services/oauth2ClientService.go:83.70,90.16 5 1
github.com/Ulbora/GoAuth2-ui/services/oauth2ClientService.go:102.2,102.12 1 1
github.com/Ulbora/GoAuth2-ui/services/oauth2ClientService.go:90.16,93.18 3 1
github.com/Ulbora/GoAuth2-ui/services/oauth2ClientService.go:93.18,100.4 6 1
github.com/Ulbora/GoAuth2-ui/services/oauth2ClientService.go:106.60,112.17 5 1
github.com/Ulbora/GoAuth2-ui/services/oauth2ClientService.go:118.2,118.12 1 1
github.com/Ulbora/GoAuth2-ui/services/oauth2ClientService.go:112.17,117.3 4 1
github.com/Ulbora/GoAuth2-ui/services/oauth2ClientService.go:122.51,128.17 5 1
github.com/Ulbora/GoAuth2-ui/services/oauth2ClientService.go:134.2,134.13 1 1
github.com/Ulbora/GoAuth2-ui/services/oauth2ClientService.go:128.17,133.3 4 1
github.com/Ulbora/GoAuth2-ui/services/oauth2ClientService.go:138.64,143.16 5 1
github.com/Ulbora/GoAuth2-ui/services/oauth2ClientService.go:154.2,154.13 1 1
github.com/Ulbora/GoAuth2-ui/services/oauth2ClientService.go:143.16,146.18 3 1
github.com/Ulbora/GoAuth2-ui/services/oauth2ClientService.go:146.18,152.4 5 1
github.com/Ulbora/GoAuth2-ui/services/oauth2ClientService.go:158.65,164.17 5 1
github.com/Ulbora/GoAuth2-ui/services/oauth2ClientService.go:172.2,172.12 1 1
github.com/Ulbora/GoAuth2-ui/services/oauth2ClientService.go:164.17,171.3 6 1
github.com/Ulbora/GoAuth2-ui/services/oauth2RedirectUriService.go:56.78,61.16 5 1
github.com/Ulbora/GoAuth2-ui/services/oauth2RedirectUriService.go:73.2,73.12 1 1
github.com/Ulbora/GoAuth2-ui/services/oauth2RedirectUriService.go:61.16,64.18 3 1
github.com/Ulbora/GoAuth2-ui/services/oauth2RedirectUriService.go:64.18,71.4 6 1
github.com/Ulbora/GoAuth2-ui/services/oauth2RedirectUriService.go:77.76,82.17 5 1
github.com/Ulbora/GoAuth2-ui/services/oauth2RedirectUriService.go:88.2,88.13 1 1
github.com/Ulbora/GoAuth2-ui/services/oauth2RedirectUriService.go:82.17,87.3 4 1
github.com/Ulbora/GoAuth2-ui/services/oauth2RedirectUriService.go:92.75,97.17 5 1
github.com/Ulbora/GoAuth2-ui/services/oauth2RedirectUriService.go:105.2,105.12 1 1
github.com/Ulbora/GoAuth2-ui/services/oauth2RedirectUriService.go:97.17,104.3 6 1
